python add_book_test.py
FFFFFFFFF
======================================================================
FAIL: test_add_book_int_publication_year (__main__.TestMultiplyFunction.test_add_book_int_publication_year)
----------------------------------------------------------------------
Traceback (most recent call last):
  File "/home/manav1011/Documents/LIBRARY_MANAGEMENT_SYSTE_INCUBYTE_RECRUITMENT/add_book_test.py", line 42, in test_add_book_int_publication_year
    with self.assertRaises(Exception) as e:
AssertionError: Exception not raised

======================================================================
FAIL: test_add_book_string_ISBN (__main__.TestMultiplyFunction.test_add_book_string_ISBN)
----------------------------------------------------------------------
Traceback (most recent call last):
  File "/home/manav1011/Documents/LIBRARY_MANAGEMENT_SYSTE_INCUBYTE_RECRUITMENT/add_book_test.py", line 24, in test_add_book_string_ISBN
    with self.assertRaises(Exception) as e:
AssertionError: Exception not raised

======================================================================
FAIL: test_add_book_string_author (__main__.TestMultiplyFunction.test_add_book_string_author)
----------------------------------------------------------------------
Traceback (most recent call last):
  File "/home/manav1011/Documents/LIBRARY_MANAGEMENT_SYSTE_INCUBYTE_RECRUITMENT/add_book_test.py", line 36, in test_add_book_string_author
    with self.assertRaises(Exception) as e:
AssertionError: Exception not raised

======================================================================
FAIL: test_add_book_string_title (__main__.TestMultiplyFunction.test_add_book_string_title)
----------------------------------------------------------------------
Traceback (most recent call last):
  File "/home/manav1011/Documents/LIBRARY_MANAGEMENT_SYSTE_INCUBYTE_RECRUITMENT/add_book_test.py", line 30, in test_add_book_string_title
    with self.assertRaises(Exception) as e:
AssertionError: Exception not raised

======================================================================
FAIL: test_check_for_null_values (__main__.TestMultiplyFunction.test_check_for_null_values)
----------------------------------------------------------------------
Traceback (most recent call last):
  File "/home/manav1011/Documents/LIBRARY_MANAGEMENT_SYSTE_INCUBYTE_RECRUITMENT/add_book_test.py", line 18, in test_check_for_null_values
    with self.assertRaises(Exception) as e:
AssertionError: Exception not raised

======================================================================
FAIL: test_future_publication_year (__main__.TestMultiplyFunction.test_future_publication_year)
----------------------------------------------------------------------
Traceback (most recent call last):
  File "/home/manav1011/Documents/LIBRARY_MANAGEMENT_SYSTE_INCUBYTE_RECRUITMENT/add_book_test.py", line 48, in test_future_publication_year
    with self.assertRaises(Exception) as e:
AssertionError: Exception not raised

======================================================================
FAIL: test_minimum_title_length (__main__.TestMultiplyFunction.test_minimum_title_length)
----------------------------------------------------------------------
Traceback (most recent call last):
  File "/home/manav1011/Documents/LIBRARY_MANAGEMENT_SYSTE_INCUBYTE_RECRUITMENT/add_book_test.py", line 54, in test_minimum_title_length
    with self.assertRaises(Exception) as e:
AssertionError: Exception not raised

======================================================================
FAIL: test_return_type_is_boolean (__main__.TestMultiplyFunction.test_return_type_is_boolean)
----------------------------------------------------------------------
Traceback (most recent call last):
  File "/home/manav1011/Documents/LIBRARY_MANAGEMENT_SYSTE_INCUBYTE_RECRUITMENT/add_book_test.py", line 14, in test_return_type_is_boolean
    self.assertIsInstance(self.result,bool,"The return type of add_book should be a boolean only!!")
AssertionError: None is not an instance of <class 'bool'> : The return type of add_book should be a boolean only!!

======================================================================
FAIL: test_special_characters_in_title (__main__.TestMultiplyFunction.test_special_characters_in_title)
----------------------------------------------------------------------
Traceback (most recent call last):
  File "/home/manav1011/Documents/LIBRARY_MANAGEMENT_SYSTE_INCUBYTE_RECRUITMENT/add_book_test.py", line 60, in test_special_characters_in_title
    with self.assertRaises(Exception) as e:
AssertionError: Exception not raised

----------------------------------------------------------------------
Ran 9 tests in 0.002s

FAILED (failures=9)
